<?xml version="1.0" encoding="UTF-8"?>
<!-- Generated by org.testng.reporters.JUnitReportReporter -->
<testsuite hostname="Asus" failures="0" tests="1" name="akkiFrameworks.tests.ErrorValidations" time="17.774" errors="0" timestamp="2025-02-19T00:08:02 IST" skipped="0">
  <testcase classname="akkiFrameworks.tests.ErrorValidations" name="LoginErrorValidation" time="17.774"/>
</testsuite> <!-- akkiFrameworks.tests.ErrorValidations -->
