<?xml version="1.0" encoding="UTF-8"?>
<!-- Generated by org.testng.reporters.JUnitReportReporter -->
<testsuite hostname="Asus" failures="0" tests="2" name="akkiFrameworks.tests.ErrorValidationsTest" time="34.981" errors="0" timestamp="2025-02-24T22:49:10 IST" skipped="0">
  <testcase classname="akkiFrameworks.tests.ErrorValidationsTest" name="ProductErrorValidation" time="29.442"/>
  <testcase classname="akkiFrameworks.tests.ErrorValidationsTest" name="LoginErrorValidation" time="5.539"/>
</testsuite> <!-- akkiFrameworks.tests.ErrorValidationsTest -->
