<?xml version="1.0" encoding="UTF-8"?>
<!-- Generated by org.testng.reporters.JUnitReportReporter -->
<testsuite hostname="Asus" failures="0" tests="1" name="akkiFrameworks.tests.StandAloneOrder" time="22.322" errors="0" timestamp="2025-02-18T23:34:54 IST" skipped="0">
  <testcase classname="akkiFrameworks.tests.StandAloneOrder" name="submitOrder" time="22.322"/>
</testsuite> <!-- akkiFrameworks.tests.StandAloneOrder -->
