<?xml version="1.0" encoding="UTF-8"?>
<!-- Generated by org.testng.reporters.JUnitReportReporter -->
<testsuite hostname="Asus" failures="0" tests="3" name="akkiFrameworks.tests.SubmitOrderTest" time="50.516" errors="0" timestamp="2025-02-28T22:01:32 IST" skipped="0">
  <testcase classname="akkiFrameworks.tests.SubmitOrderTest" name="submitOrder" time="20.870"/>
  <testcase classname="akkiFrameworks.tests.SubmitOrderTest" name="submitOrder" time="20.902"/>
  <testcase classname="akkiFrameworks.tests.SubmitOrderTest" name="OrderHistoryTest" time="8.744"/>
</testsuite> <!-- akkiFrameworks.tests.SubmitOrderTest -->
