<?xml version="1.0" encoding="UTF-8"?>
<!-- Generated by org.testng.reporters.JUnitReportReporter -->
<testsuite hostname="Asus" failures="0" tests="3" name="akkiFrameworks.tests.SubmitOrderTest" time="55.609" errors="0" timestamp="2025-02-28T22:16:05 IST" skipped="0">
  <testcase classname="akkiFrameworks.tests.SubmitOrderTest" name="submitOrder" time="24.937"/>
  <testcase classname="akkiFrameworks.tests.SubmitOrderTest" name="submitOrder" time="22.333"/>
  <testcase classname="akkiFrameworks.tests.SubmitOrderTest" name="OrderHistoryTest" time="8.339"/>
</testsuite> <!-- akkiFrameworks.tests.SubmitOrderTest -->
